<?xml version="1.0" encoding="UTF-8"?>
<testng-results ignored="0" total="1" passed="1" failed="0" skipped="0">
  <reporter-output>
  </reporter-output>
  <suite started-at="2023-10-02T18:22:33 CEST" name="Default suite" finished-at="2023-10-02T18:22:46 CEST" duration-ms="12783">
    <groups>
    </groups>
    <test started-at="2023-10-02T18:22:33 CEST" name="Default test" finished-at="2023-10-02T18:22:46 CEST" duration-ms="12783">
      <class name="regi.test">
        <test-method signature="listeavectab()[pri:0, instance:regi.test@20d525]" started-at="2023-10-02T18:22:33 CEST" name="listeavectab" finished-at="2023-10-02T18:22:46 CEST" duration-ms="12745" status="PASS">
          <reporter-output>
          </reporter-output>
        </test-method> <!-- listeavectab -->
      </class> <!-- regi.test -->
    </test> <!-- Default test -->
  </suite> <!-- Default suite -->
</testng-results>
